Removed Pin From Net: NetName=L+ Pin=2-R1-1
Removed Pin From Net: NetName=L+ Pin=3-R1-1
Removed Pin From Net: NetName=L+ Pin=4-R1-1
Removed Member From Class: ClassName=001-03 Ý3 Member=1-R1
Removed Member From Class: ClassName=001-03 Ý3 Member=2-R1
Removed Member From Class: ClassName=001-03 Ý3 Member=3-R1
Removed Member From Class: ClassName=001-03 Ý3 Member=4-R1
Added Pin To Net: NetName=L+ Pin=1-HL1-1
Added Pin To Net: NetName=Net1-HL1_2 Pin=1-HL1-2
Added Pin To Net: NetName=Net1-HL2_1 Pin=1-HL2-1
Added Pin To Net: NetName=Net1-HL2_2 Pin=1-HL2-2
Added Pin To Net: NetName=Net1-HL3_1 Pin=1-HL3-1
Added Pin To Net: NetName=Net1-HL3_2 Pin=1-HL3-2
Added Pin To Net: NetName=Net1-HL4_1 Pin=1-HL4-1
Added Pin To Net: NetName=Net1-HL4_2 Pin=1-HL4-2
Added Pin To Net: NetName=Net1-HL1_2 Pin=1-R2-1
Added Pin To Net: NetName=Net1-HL2_1 Pin=1-R2-2
Added Pin To Net: NetName=Net1-HL2_2 Pin=1-R3-1
Added Pin To Net: NetName=Net1-HL3_1 Pin=1-R3-2
Added Pin To Net: NetName=Net1-HL3_2 Pin=1-R4-1
Added Pin To Net: NetName=Net1-HL4_1 Pin=1-R4-2
Added Pin To Net: NetName=Net1-HL4_2 Pin=1-R5-1
Added Pin To Net: NetName=L- Pin=1-R5-2
Added Pin To Net: NetName=L+ Pin=2-HL1-1
Added Pin To Net: NetName=L+ Pin=3-HL1-1
Added Pin To Net: NetName=L+ Pin=4-HL1-1
