Added Component: Designator=4-HL1(LED 1206)
Add component. Clean all parameters for all variants
Add component (AddParameter): Name = "Manufacturer"; Value = "3K*"; VariantName = "[No Variations]"
Add component (AddParameter): Name = "ManufacturerPartNumber"; Value = "3K*"; VariantName = "[No Variations]"
Add component (AddParameter): Name = "Part Number"; Value = "3K*"; VariantName = "[No Variations]"
Add component (AddParameter): Name = "Power/Voltage"; Value = "3K*"; VariantName = "[No Variations]"
Add component (AddParameter): Name = "Rem"; Value = "3K*"; VariantName = "[No Variations]"
Add component (AddParameter): Name = "TKE"; Value = "3K*"; VariantName = "[No Variations]"
Add component (AddParameter): Name = "Tolerance"; Value = "3K*"; VariantName = "[No Variations]"
Add component (AddParameter): Name = "Value"; Value = "3K*"; VariantName = "[No Variations]"
Add component (AddParameter): Name = "Корпус"; Value = "3K*"; VariantName = "[No Variations]"
Add component (AddParameter): Name = "Примечание"; Value = "3K*"; VariantName = "[No Variations]"
Added Component: Designator=4-HL2(LED 1206)
Add component. Clean all parameters for all variants
Add component (AddParameter): Name = "Manufacturer"; Value = "3K*"; VariantName = "[No Variations]"
Add component (AddParameter): Name = "ManufacturerPartNumber"; Value = "3K*"; VariantName = "[No Variations]"
Add component (AddParameter): Name = "Part Number"; Value = "3K*"; VariantName = "[No Variations]"
Add component (AddParameter): Name = "Power/Voltage"; Value = "3K*"; VariantName = "[No Variations]"
Add component (AddParameter): Name = "Rem"; Value = "3K*"; VariantName = "[No Variations]"
Add component (AddParameter): Name = "TKE"; Value = "3K*"; VariantName = "[No Variations]"
Add component (AddParameter): Name = "Tolerance"; Value = "3K*"; VariantName = "[No Variations]"
Add component (AddParameter): Name = "Value"; Value = "3K*"; VariantName = "[No Variations]"
Add component (AddParameter): Name = "Корпус"; Value = "3K*"; VariantName = "[No Variations]"
Add component (AddParameter): Name = "Примечание"; Value = "3K*"; VariantName = "[No Variations]"
Added Component: Designator=4-HL3(LED 1206)
Add component. Clean all parameters for all variants
Add component (AddParameter): Name = "Manufacturer"; Value = "3K*"; VariantName = "[No Variations]"
Add component (AddParameter): Name = "ManufacturerPartNumber"; Value = "3K*"; VariantName = "[No Variations]"
Add component (AddParameter): Name = "Part Number"; Value = "3K*"; VariantName = "[No Variations]"
Add component (AddParameter): Name = "Power/Voltage"; Value = "3K*"; VariantName = "[No Variations]"
Add component (AddParameter): Name = "Rem"; Value = "3K*"; VariantName = "[No Variations]"
Add component (AddParameter): Name = "TKE"; Value = "3K*"; VariantName = "[No Variations]"
Add component (AddParameter): Name = "Tolerance"; Value = "3K*"; VariantName = "[No Variations]"
Add component (AddParameter): Name = "Value"; Value = "3K*"; VariantName = "[No Variations]"
Add component (AddParameter): Name = "Корпус"; Value = "3K*"; VariantName = "[No Variations]"
Add component (AddParameter): Name = "Примечание"; Value = "3K*"; VariantName = "[No Variations]"
Added Component: Designator=4-HL4(LED 1206)
Add component. Clean all parameters for all variants
Add component (AddParameter): Name = "Manufacturer"; Value = "3K*"; VariantName = "[No Variations]"
Add component (AddParameter): Name = "ManufacturerPartNumber"; Value = "3K*"; VariantName = "[No Variations]"
Add component (AddParameter): Name = "Part Number"; Value = "3K*"; VariantName = "[No Variations]"
Add component (AddParameter): Name = "Power/Voltage"; Value = "3K*"; VariantName = "[No Variations]"
Add component (AddParameter): Name = "Rem"; Value = "3K*"; VariantName = "[No Variations]"
Add component (AddParameter): Name = "TKE"; Value = "3K*"; VariantName = "[No Variations]"
Add component (AddParameter): Name = "Tolerance"; Value = "3K*"; VariantName = "[No Variations]"
Add component (AddParameter): Name = "Value"; Value = "3K*"; VariantName = "[No Variations]"
Add component (AddParameter): Name = "Корпус"; Value = "3K*"; VariantName = "[No Variations]"
Add component (AddParameter): Name = "Примечание"; Value = "3K*"; VariantName = "[No Variations]"
Added Component: Designator=4-R1(RC1206)
Add component. Clean all parameters for all variants
Add component (AddParameter): Name = "Manufacturer"; Value = "3K*"; VariantName = "[No Variations]"
Add component (AddParameter): Name = "ManufacturerPartNumber"; Value = "3K*"; VariantName = "[No Variations]"
Add component (AddParameter): Name = "Part Number"; Value = "3K*"; VariantName = "[No Variations]"
Add component (AddParameter): Name = "Power/Voltage"; Value = "3K*"; VariantName = "[No Variations]"
Add component (AddParameter): Name = "Rem"; Value = "3K*"; VariantName = "[No Variations]"
Add component (AddParameter): Name = "TKE"; Value = "3K*"; VariantName = "[No Variations]"
Add component (AddParameter): Name = "Tolerance"; Value = "3K*"; VariantName = "[No Variations]"
Add component (AddParameter): Name = "Type"; Value = "3K*"; VariantName = "[No Variations]"
Add component (AddParameter): Name = "Value"; Value = "3K*"; VariantName = "[No Variations]"
Added Component: Designator=4-R2(RC1206)
Add component. Clean all parameters for all variants
Add component (AddParameter): Name = "Manufacturer"; Value = "3K*"; VariantName = "[No Variations]"
Add component (AddParameter): Name = "ManufacturerPartNumber"; Value = "3K*"; VariantName = "[No Variations]"
Add component (AddParameter): Name = "Part Number"; Value = "3K*"; VariantName = "[No Variations]"
Add component (AddParameter): Name = "Power/Voltage"; Value = "3K*"; VariantName = "[No Variations]"
Add component (AddParameter): Name = "Rem"; Value = "3K*"; VariantName = "[No Variations]"
Add component (AddParameter): Name = "TKE"; Value = "3K*"; VariantName = "[No Variations]"
Add component (AddParameter): Name = "Tolerance"; Value = "3K*"; VariantName = "[No Variations]"
Add component (AddParameter): Name = "Type"; Value = "3K*"; VariantName = "[No Variations]"
Add component (AddParameter): Name = "Value"; Value = "3K*"; VariantName = "[No Variations]"
Added Component: Designator=4-R3(RC1206)
Add component. Clean all parameters for all variants
Add component (AddParameter): Name = "Manufacturer"; Value = "3K*"; VariantName = "[No Variations]"
Add component (AddParameter): Name = "ManufacturerPartNumber"; Value = "3K*"; VariantName = "[No Variations]"
Add component (AddParameter): Name = "Part Number"; Value = "3K*"; VariantName = "[No Variations]"
Add component (AddParameter): Name = "Power/Voltage"; Value = "3K*"; VariantName = "[No Variations]"
Add component (AddParameter): Name = "Rem"; Value = "3K*"; VariantName = "[No Variations]"
Add component (AddParameter): Name = "TKE"; Value = "3K*"; VariantName = "[No Variations]"
Add component (AddParameter): Name = "Tolerance"; Value = "3K*"; VariantName = "[No Variations]"
Add component (AddParameter): Name = "Type"; Value = "3K*"; VariantName = "[No Variations]"
Add component (AddParameter): Name = "Value"; Value = "3K*"; VariantName = "[No Variations]"
Added Component: Designator=4-R4(RC1206)
Add component. Clean all parameters for all variants
Add component (AddParameter): Name = "Manufacturer"; Value = "3K*"; VariantName = "[No Variations]"
Add component (AddParameter): Name = "ManufacturerPartNumber"; Value = "3K*"; VariantName = "[No Variations]"
Add component (AddParameter): Name = "Part Number"; Value = "3K*"; VariantName = "[No Variations]"
Add component (AddParameter): Name = "Power/Voltage"; Value = "3K*"; VariantName = "[No Variations]"
Add component (AddParameter): Name = "Rem"; Value = "3K*"; VariantName = "[No Variations]"
Add component (AddParameter): Name = "TKE"; Value = "3K*"; VariantName = "[No Variations]"
Add component (AddParameter): Name = "Tolerance"; Value = "3K*"; VariantName = "[No Variations]"
Add component (AddParameter): Name = "Type"; Value = "3K*"; VariantName = "[No Variations]"
Add component (AddParameter): Name = "Value"; Value = "3K*"; VariantName = "[No Variations]"
Added Pin To Net: NetName=Net4-HL1_1 Pin=4-HL1-1
Added Pin To Net: NetName=Net4-HL1_2 Pin=4-HL1-2
Added Pin To Net: NetName=Net4-HL2_1 Pin=4-HL2-1
Added Pin To Net: NetName=Net4-HL2_2 Pin=4-HL2-2
Added Pin To Net: NetName=Net4-HL3_1 Pin=4-HL3-1
Added Pin To Net: NetName=Net4-HL3_2 Pin=4-HL3-2
Added Pin To Net: NetName=Net4-HL4_1 Pin=4-HL4-1
Added Pin To Net: NetName=L- Pin=4-HL4-2
Added Pin To Net: NetName=L+ Pin=4-R1-1
Added Pin To Net: NetName=Net4-HL1_1 Pin=4-R1-2
Added Pin To Net: NetName=Net4-HL1_2 Pin=4-R2-1
Added Pin To Net: NetName=Net4-HL2_1 Pin=4-R2-2
Added Pin To Net: NetName=Net4-HL2_2 Pin=4-R3-1
Added Pin To Net: NetName=Net4-HL3_1 Pin=4-R3-2
Added Pin To Net: NetName=Net4-HL3_2 Pin=4-R4-1
Added Pin To Net: NetName=Net4-HL4_1 Pin=4-R4-2
Added Member To Class: ClassName=001-03 Э3 Member=Component 4-HL1 FYLS-1206UWC
Added Member To Class: ClassName=001-03 Э3 Member=Component 4-HL2 FYLS-1206UWC
Added Member To Class: ClassName=001-03 Э3 Member=Component 4-HL3 FYLS-1206UWC
Added Member To Class: ClassName=001-03 Э3 Member=Component 4-HL4 FYLS-1206UWC
Added Member To Class: ClassName=001-03 Э3 Member=Component 4-R1 3K*
Added Member To Class: ClassName=001-03 Э3 Member=Component 4-R2 3K*
Added Member To Class: ClassName=001-03 Э3 Member=Component 4-R3 3K*
Added Member To Class: ClassName=001-03 Э3 Member=Component 4-R4 3K*
