Added Pin To Net: NetName=Net1-HL3_1 Pin=1-HL3-1
Added Pin To Net: NetName=Net1-HL3_2 Pin=1-HL3-2
Added Pin To Net: NetName=Net1-HL4_1 Pin=1-HL4-1
Added Pin To Net: NetName=L- Pin=1-HL4-2
Added Pin To Net: NetName=Net1-HL2_2 Pin=1-R3-1
Added Pin To Net: NetName=Net1-HL3_1 Pin=1-R3-2
Added Pin To Net: NetName=Net1-HL3_2 Pin=1-R4-1
Added Pin To Net: NetName=Net1-HL4_1 Pin=1-R4-2
Added Pin To Net: NetName=Net2-HL3_1 Pin=2-HL3-1
Added Pin To Net: NetName=Net2-HL3_2 Pin=2-HL3-2
Added Pin To Net: NetName=Net2-HL4_1 Pin=2-HL4-1
Added Pin To Net: NetName=L- Pin=2-HL4-2
Added Pin To Net: NetName=Net2-HL2_2 Pin=2-R3-1
Added Pin To Net: NetName=Net2-HL3_1 Pin=2-R3-2
Added Pin To Net: NetName=Net2-HL3_2 Pin=2-R4-1
Added Pin To Net: NetName=Net2-HL4_1 Pin=2-R4-2
Added Pin To Net: NetName=Net3-HL3_1 Pin=3-HL3-1
Added Pin To Net: NetName=Net3-HL3_2 Pin=3-HL3-2
Added Pin To Net: NetName=Net3-HL4_1 Pin=3-HL4-1
Added Pin To Net: NetName=L- Pin=3-HL4-2
Added Pin To Net: NetName=Net3-HL2_2 Pin=3-R3-1
Added Pin To Net: NetName=Net3-HL3_1 Pin=3-R3-2
Added Pin To Net: NetName=Net3-HL3_2 Pin=3-R4-1
Added Pin To Net: NetName=Net3-HL4_1 Pin=3-R4-2
Added Pin To Net: NetName=Net4-HL3_1 Pin=4-HL3-1
Added Pin To Net: NetName=Net4-HL3_2 Pin=4-HL3-2
Added Pin To Net: NetName=Net4-HL4_1 Pin=4-HL4-1
Added Pin To Net: NetName=L- Pin=4-HL4-2
Added Pin To Net: NetName=Net4-HL2_2 Pin=4-R3-1
Added Pin To Net: NetName=Net4-HL3_1 Pin=4-R3-2
Added Pin To Net: NetName=Net4-HL3_2 Pin=4-R4-1
Added Pin To Net: NetName=Net4-HL4_1 Pin=4-R4-2
Added Member To Class: ClassName=001-03 Ý3 Member=Component 1-HL3 FYLS-1206UWC
Added Member To Class: ClassName=001-03 Ý3 Member=Component 1-HL4 FYLS-1206UWC
Added Member To Class: ClassName=001-03 Ý3 Member=Component 1-R3 3K*
Added Member To Class: ClassName=001-03 Ý3 Member=Component 1-R4 3K*
Added Member To Class: ClassName=001-03 Ý3 Member=Component 2-HL3 FYLS-1206UWC
Added Member To Class: ClassName=001-03 Ý3 Member=Component 2-HL4 FYLS-1206UWC
Added Member To Class: ClassName=001-03 Ý3 Member=Component 2-R3 3K*
Added Member To Class: ClassName=001-03 Ý3 Member=Component 2-R4 3K*
Added Member To Class: ClassName=001-03 Ý3 Member=Component 3-HL3 FYLS-1206UWC
Added Member To Class: ClassName=001-03 Ý3 Member=Component 3-HL4 FYLS-1206UWC
Added Member To Class: ClassName=001-03 Ý3 Member=Component 3-R3 3K*
Added Member To Class: ClassName=001-03 Ý3 Member=Component 3-R4 3K*
Added Member To Class: ClassName=001-03 Ý3 Member=Component 4-HL3 FYLS-1206UWC
Added Member To Class: ClassName=001-03 Ý3 Member=Component 4-HL4 FYLS-1206UWC
Added Member To Class: ClassName=001-03 Ý3 Member=Component 4-R3 3K*
Added Member To Class: ClassName=001-03 Ý3 Member=Component 4-R4 3K*
