Added Component: Designator=5-HL1(LED 1206)
Add component. Clean all parameters for all variants
Add component (AddParameter): Name = "Manufacturer"; Value = "3K*"; VariantName = "[No Variations]"
Add component (AddParameter): Name = "ManufacturerPartNumber"; Value = "3K*"; VariantName = "[No Variations]"
Add component (AddParameter): Name = "Part Number"; Value = "3K*"; VariantName = "[No Variations]"
Add component (AddParameter): Name = "Power/Voltage"; Value = "3K*"; VariantName = "[No Variations]"
Add component (AddParameter): Name = "Rem"; Value = "3K*"; VariantName = "[No Variations]"
Add component (AddParameter): Name = "TKE"; Value = "3K*"; VariantName = "[No Variations]"
Add component (AddParameter): Name = "Tolerance"; Value = "3K*"; VariantName = "[No Variations]"
Add component (AddParameter): Name = "Value"; Value = "3K*"; VariantName = "[No Variations]"
Add component (AddParameter): Name = "Корпус"; Value = "3K*"; VariantName = "[No Variations]"
Add component (AddParameter): Name = "Примечание"; Value = "3K*"; VariantName = "[No Variations]"
Added Component: Designator=5-HL2(LED 1206)
Add component. Clean all parameters for all variants
Add component (AddParameter): Name = "Manufacturer"; Value = "3K*"; VariantName = "[No Variations]"
Add component (AddParameter): Name = "ManufacturerPartNumber"; Value = "3K*"; VariantName = "[No Variations]"
Add component (AddParameter): Name = "Part Number"; Value = "3K*"; VariantName = "[No Variations]"
Add component (AddParameter): Name = "Power/Voltage"; Value = "3K*"; VariantName = "[No Variations]"
Add component (AddParameter): Name = "Rem"; Value = "3K*"; VariantName = "[No Variations]"
Add component (AddParameter): Name = "TKE"; Value = "3K*"; VariantName = "[No Variations]"
Add component (AddParameter): Name = "Tolerance"; Value = "3K*"; VariantName = "[No Variations]"
Add component (AddParameter): Name = "Value"; Value = "3K*"; VariantName = "[No Variations]"
Add component (AddParameter): Name = "Корпус"; Value = "3K*"; VariantName = "[No Variations]"
Add component (AddParameter): Name = "Примечание"; Value = "3K*"; VariantName = "[No Variations]"
Added Component: Designator=5-HL3(LED 1206)
Add component. Clean all parameters for all variants
Add component (AddParameter): Name = "Manufacturer"; Value = "3K*"; VariantName = "[No Variations]"
Add component (AddParameter): Name = "ManufacturerPartNumber"; Value = "3K*"; VariantName = "[No Variations]"
Add component (AddParameter): Name = "Part Number"; Value = "3K*"; VariantName = "[No Variations]"
Add component (AddParameter): Name = "Power/Voltage"; Value = "3K*"; VariantName = "[No Variations]"
Add component (AddParameter): Name = "Rem"; Value = "3K*"; VariantName = "[No Variations]"
Add component (AddParameter): Name = "TKE"; Value = "3K*"; VariantName = "[No Variations]"
Add component (AddParameter): Name = "Tolerance"; Value = "3K*"; VariantName = "[No Variations]"
Add component (AddParameter): Name = "Value"; Value = "3K*"; VariantName = "[No Variations]"
Add component (AddParameter): Name = "Корпус"; Value = "3K*"; VariantName = "[No Variations]"
Add component (AddParameter): Name = "Примечание"; Value = "3K*"; VariantName = "[No Variations]"
Added Component: Designator=5-HL4(LED 1206)
Add component. Clean all parameters for all variants
Add component (AddParameter): Name = "Manufacturer"; Value = "3K*"; VariantName = "[No Variations]"
Add component (AddParameter): Name = "ManufacturerPartNumber"; Value = "3K*"; VariantName = "[No Variations]"
Add component (AddParameter): Name = "Part Number"; Value = "3K*"; VariantName = "[No Variations]"
Add component (AddParameter): Name = "Power/Voltage"; Value = "3K*"; VariantName = "[No Variations]"
Add component (AddParameter): Name = "Rem"; Value = "3K*"; VariantName = "[No Variations]"
Add component (AddParameter): Name = "TKE"; Value = "3K*"; VariantName = "[No Variations]"
Add component (AddParameter): Name = "Tolerance"; Value = "3K*"; VariantName = "[No Variations]"
Add component (AddParameter): Name = "Value"; Value = "3K*"; VariantName = "[No Variations]"
Add component (AddParameter): Name = "Корпус"; Value = "3K*"; VariantName = "[No Variations]"
Add component (AddParameter): Name = "Примечание"; Value = "3K*"; VariantName = "[No Variations]"
Added Component: Designator=5-HL5(LED 1206)
Add component. Clean all parameters for all variants
Add component (AddParameter): Name = "Manufacturer"; Value = "3K*"; VariantName = "[No Variations]"
Add component (AddParameter): Name = "ManufacturerPartNumber"; Value = "3K*"; VariantName = "[No Variations]"
Add component (AddParameter): Name = "Part Number"; Value = "3K*"; VariantName = "[No Variations]"
Add component (AddParameter): Name = "Power/Voltage"; Value = "3K*"; VariantName = "[No Variations]"
Add component (AddParameter): Name = "Rem"; Value = "3K*"; VariantName = "[No Variations]"
Add component (AddParameter): Name = "TKE"; Value = "3K*"; VariantName = "[No Variations]"
Add component (AddParameter): Name = "Tolerance"; Value = "3K*"; VariantName = "[No Variations]"
Add component (AddParameter): Name = "Value"; Value = "3K*"; VariantName = "[No Variations]"
Add component (AddParameter): Name = "Корпус"; Value = "3K*"; VariantName = "[No Variations]"
Add component (AddParameter): Name = "Примечание"; Value = "3K*"; VariantName = "[No Variations]"
Added Component: Designator=5-R1(RC1206)
Add component. Clean all parameters for all variants
Add component (AddParameter): Name = "Manufacturer"; Value = "3K*"; VariantName = "[No Variations]"
Add component (AddParameter): Name = "ManufacturerPartNumber"; Value = "3K*"; VariantName = "[No Variations]"
Add component (AddParameter): Name = "Part Number"; Value = "3K*"; VariantName = "[No Variations]"
Add component (AddParameter): Name = "Power/Voltage"; Value = "3K*"; VariantName = "[No Variations]"
Add component (AddParameter): Name = "Rem"; Value = "3K*"; VariantName = "[No Variations]"
Add component (AddParameter): Name = "TKE"; Value = "3K*"; VariantName = "[No Variations]"
Add component (AddParameter): Name = "Tolerance"; Value = "3K*"; VariantName = "[No Variations]"
Add component (AddParameter): Name = "Type"; Value = "3K*"; VariantName = "[No Variations]"
Add component (AddParameter): Name = "Value"; Value = "3K*"; VariantName = "[No Variations]"
Added Component: Designator=5-R2(RC1206)
Add component. Clean all parameters for all variants
Add component (AddParameter): Name = "Manufacturer"; Value = "3K*"; VariantName = "[No Variations]"
Add component (AddParameter): Name = "ManufacturerPartNumber"; Value = "3K*"; VariantName = "[No Variations]"
Add component (AddParameter): Name = "Part Number"; Value = "3K*"; VariantName = "[No Variations]"
Add component (AddParameter): Name = "Power/Voltage"; Value = "3K*"; VariantName = "[No Variations]"
Add component (AddParameter): Name = "Rem"; Value = "3K*"; VariantName = "[No Variations]"
Add component (AddParameter): Name = "TKE"; Value = "3K*"; VariantName = "[No Variations]"
Add component (AddParameter): Name = "Tolerance"; Value = "3K*"; VariantName = "[No Variations]"
Add component (AddParameter): Name = "Type"; Value = "3K*"; VariantName = "[No Variations]"
Add component (AddParameter): Name = "Value"; Value = "3K*"; VariantName = "[No Variations]"
Added Component: Designator=5-R3(RC1206)
Add component. Clean all parameters for all variants
Add component (AddParameter): Name = "Manufacturer"; Value = "3K*"; VariantName = "[No Variations]"
Add component (AddParameter): Name = "ManufacturerPartNumber"; Value = "3K*"; VariantName = "[No Variations]"
Add component (AddParameter): Name = "Part Number"; Value = "3K*"; VariantName = "[No Variations]"
Add component (AddParameter): Name = "Power/Voltage"; Value = "3K*"; VariantName = "[No Variations]"
Add component (AddParameter): Name = "Rem"; Value = "3K*"; VariantName = "[No Variations]"
Add component (AddParameter): Name = "TKE"; Value = "3K*"; VariantName = "[No Variations]"
Add component (AddParameter): Name = "Tolerance"; Value = "3K*"; VariantName = "[No Variations]"
Add component (AddParameter): Name = "Type"; Value = "3K*"; VariantName = "[No Variations]"
Add component (AddParameter): Name = "Value"; Value = "3K*"; VariantName = "[No Variations]"
Added Component: Designator=5-R4(RC1206)
Add component. Clean all parameters for all variants
Add component (AddParameter): Name = "Manufacturer"; Value = "3K*"; VariantName = "[No Variations]"
Add component (AddParameter): Name = "ManufacturerPartNumber"; Value = "3K*"; VariantName = "[No Variations]"
Add component (AddParameter): Name = "Part Number"; Value = "3K*"; VariantName = "[No Variations]"
Add component (AddParameter): Name = "Power/Voltage"; Value = "3K*"; VariantName = "[No Variations]"
Add component (AddParameter): Name = "Rem"; Value = "3K*"; VariantName = "[No Variations]"
Add component (AddParameter): Name = "TKE"; Value = "3K*"; VariantName = "[No Variations]"
Add component (AddParameter): Name = "Tolerance"; Value = "3K*"; VariantName = "[No Variations]"
Add component (AddParameter): Name = "Type"; Value = "3K*"; VariantName = "[No Variations]"
Add component (AddParameter): Name = "Value"; Value = "3K*"; VariantName = "[No Variations]"
Added Component: Designator=L+(PIN)
Add component. Clean all parameters for all variants
Added Component: Designator=L-(PIN)
Add component. Clean all parameters for all variants
Added Pin To Net: NetName=L+ Pin=5-HL1-1
Added Pin To Net: NetName=Net5-HL1_2 Pin=5-HL1-2
Added Pin To Net: NetName=Net5-HL2_1 Pin=5-HL2-1
Added Pin To Net: NetName=Net5-HL2_2 Pin=5-HL2-2
Added Pin To Net: NetName=Net5-HL3_1 Pin=5-HL3-1
Added Pin To Net: NetName=Net5-HL3_2 Pin=5-HL3-2
Added Pin To Net: NetName=Net5-HL4_1 Pin=5-HL4-1
Added Pin To Net: NetName=Net5-HL4_2 Pin=5-HL4-2
Added Pin To Net: NetName=Net5-R4_2 Pin=5-HL5-1
Added Pin To Net: NetName=L- Pin=5-HL5-2
Added Pin To Net: NetName=Net5-HL1_2 Pin=5-R1-1
Added Pin To Net: NetName=Net5-HL2_1 Pin=5-R1-2
Added Pin To Net: NetName=Net5-HL2_2 Pin=5-R2-1
Added Pin To Net: NetName=Net5-HL3_1 Pin=5-R2-2
Added Pin To Net: NetName=Net5-HL3_2 Pin=5-R3-1
Added Pin To Net: NetName=Net5-HL4_1 Pin=5-R3-2
Added Pin To Net: NetName=Net5-HL4_2 Pin=5-R4-1
Added Pin To Net: NetName=Net5-R4_2 Pin=5-R4-2
Added Pin To Net: NetName=L+ Pin=L+-PIN
Added Pin To Net: NetName=L- Pin=L--PIN
Change Net Name : Old Net Name=Net5-R4_2 New Net Name=Net5-HL5_1
Added Member To Class: ClassName=BACK-LIGHT-II Member=Component 2-HL1 FYLS-1206UWC
Added Member To Class: ClassName=BACK-LIGHT-II Member=Component 3-HL1 FYLS-1206UWC
Added Member To Class: ClassName=BACK-LIGHT-II Member=Component 4-HL1 FYLS-1206UWC
Added Member To Class: ClassName=BACK-LIGHT-II Member=Component 4-HL2 FYLS-1206UWC
Added Member To Class: ClassName=BACK-LIGHT-II Member=Component 5-HL1 FYLS-1206UWC
Added Member To Class: ClassName=BACK-LIGHT-II Member=Component 5-HL2 FYLS-1206UWC
Added Member To Class: ClassName=BACK-LIGHT-II Member=Component 5-HL3 FYLS-1206UWC
Added Member To Class: ClassName=BACK-LIGHT-II Member=Component 5-HL4 FYLS-1206UWC
Added Member To Class: ClassName=BACK-LIGHT-II Member=Component 5-HL5 FYLS-1206UWC
Added Member To Class: ClassName=BACK-LIGHT-II Member=Component 5-R1 3K*
Added Member To Class: ClassName=BACK-LIGHT-II Member=Component 5-R2 3K*
Added Member To Class: ClassName=BACK-LIGHT-II Member=Component 5-R3 3K*
Added Member To Class: ClassName=BACK-LIGHT-II Member=Component 5-R4 3K*
Added Member To Class: ClassName=BACK-LIGHT-II Member=Component L+ 
Added Member To Class: ClassName=BACK-LIGHT-II Member=Component L- 
